{
  "0 debug pnpm:scope": {
    "selected": 1
  },
  "1 error pnpm": {
    "errno": 1,
    "code": "ELIFECYCLE",
    "pkgid": "svelte-app@1.0.0",
    "stage": "build",
    "script": "rollup -c",
    "pkgname": "svelte-app",
    "err": {
      "name": "pnpm",
      "message": "svelte-app@1.0.0 build: `rollup -c`\nExit status 1",
      "code": "ELIFECYCLE",
      "stack": "pnpm: svelte-app@1.0.0 build: `rollup -c`\nExit status 1\n    at EventEmitter.<anonymous> (C:\\Users\\eduar\\AppData\\Roaming\\npm\\pnpm-global\\5\\node_modules\\.pnpm\\pnpm@6.25.1\\node_modules\\pnpm\\dist\\pnpm.cjs:104843:20)\n    at EventEmitter.emit (node:events:390:28)\n    at ChildProcess.<anonymous> (C:\\Users\\eduar\\AppData\\Roaming\\npm\\pnpm-global\\5\\node_modules\\.pnpm\\pnpm@6.25.1\\node_modules\\pnpm\\dist\\pnpm.cjs:91921:18)\n    at ChildProcess.emit (node:events:390:28)\n    at maybeClose (node:internal/child_process:1064:16)\n    at Process.ChildProcess._handle.onexit (node:internal/child_process:301:5)"
    }
  },
  "2 warn pnpm:global": " Local package.json exists, but node_modules missing, did you mean to install?"
}